\BOOKMARK [0][-]{chapter*.2}{\376\377\000A\000b\000s\000t\000r\000a\000c\000t}{}% 1
\BOOKMARK [0][-]{chapter*.4}{\376\377\000A\000b\000s\000t\000r\000a\000c\000t\000\040\000i\000n\000\040\000l\000i\000n\000g\000u\000a\000\040\000i\000t\000a\000l\000i\000a\000n\000a}{}% 2
\BOOKMARK [0][-]{chapter*.6}{\376\377\000C\000o\000n\000t\000e\000n\000t\000s}{}% 3
\BOOKMARK [0][-]{chapter.1}{\376\377\000I\000n\000t\000r\000o\000d\000u\000c\000t\000i\000o\000n}{}% 4
\BOOKMARK [1][-]{section.1.1}{\376\377\000T\000h\000e\000\040\000P\000r\000o\000b\000l\000e\000m\000:\000\040\000P\000r\000o\000g\000r\000a\000m\000m\000i\000n\000g\000\040\000H\000u\000m\000a\000n\000-\000D\000r\000o\000n\000e\000\040\000I\000n\000t\000e\000r\000a\000c\000t\000i\000o\000n\000s}{chapter.1}% 5
\BOOKMARK [1][-]{section.1.2}{\376\377\000T\000h\000e\000\040\000S\000o\000l\000u\000t\000i\000o\000n\000:\000\040\000E\000a\000s\000y\000F\000l\000y}{chapter.1}% 6
\BOOKMARK [1][-]{section.1.3}{\376\377\000T\000h\000e\000\040\000B\000e\000n\000c\000h\000m\000a\000r\000k\000:\000\040\000D\000r\000o\000n\000e\000\040\000A\000r\000e\000n\000a\000\040\000C\000h\000a\000l\000l\000e\000n\000g\000e}{chapter.1}% 7
\BOOKMARK [1][-]{section.1.4}{\376\377\000S\000t\000a\000t\000e\000\040\000o\000f\000\040\000t\000h\000e\000\040\000A\000r\000t}{chapter.1}% 8
\BOOKMARK [1][-]{section.1.5}{\376\377\000O\000v\000e\000r\000v\000i\000e\000w}{chapter.1}% 9
\BOOKMARK [0][-]{chapter.2}{\376\377\000S\000t\000a\000t\000e\000\040\000o\000f\000\040\000T\000h\000e\000\040\000A\000r\000t}{}% 10
\BOOKMARK [1][-]{section.2.1}{\376\377\000H\000u\000m\000a\000n\000-\000R\000o\000b\000o\000t\000\040\000I\000n\000t\000e\000r\000a\000c\000t\000i\000o\000n}{chapter.2}% 11
\BOOKMARK [2][-]{subsection.2.1.1}{\376\377\000T\000h\000e\000\040\000I\000n\000t\000e\000r\000a\000c\000t\000i\000o\000n\000\040\000B\000e\000t\000w\000e\000e\000n\000\040\000H\000u\000m\000a\000n\000\040\000a\000n\000d\000\040\000R\000o\000b\000o\000t}{section.2.1}% 12
\BOOKMARK [2][-]{subsection.2.1.2}{\376\377\000H\000R\000I\000\040\000T\000a\000x\000o\000n\000o\000m\000y}{section.2.1}% 13
\BOOKMARK [1][-]{section.2.2}{\376\377\000H\000u\000m\000a\000n\000-\000D\000r\000o\000n\000e\000\040\000I\000n\000t\000e\000r\000a\000c\000t\000i\000o\000n}{chapter.2}% 14
\BOOKMARK [2][-]{subsection.2.2.1}{\376\377\000T\000h\000e\000\040\000R\000o\000l\000e\000\040\000o\000f\000\040\000t\000h\000e\000\040\000H\000u\000m\000a\000n\000\040\000D\000u\000r\000i\000n\000g\000\040\000t\000h\000e\000\040\000I\000n\000t\000e\000r\000a\000c\000t\000i\000o\000n}{section.2.2}% 15
\BOOKMARK [2][-]{subsection.2.2.2}{\376\377\000T\000h\000e\000\040\000d\000r\000o\000n\000e\000'\000s\000\040\000c\000o\000n\000t\000r\000o\000l\000\040\000m\000o\000d\000a\000l\000i\000t\000y}{section.2.2}% 16
\BOOKMARK [2][-]{subsection.2.2.3}{\376\377\000V\000a\000l\000u\000e\000s\000\040\000a\000n\000d\000\040\000e\000t\000h\000i\000c\000s\000\040\000i\000n\000\040\000H\000D\000I}{section.2.2}% 17
\BOOKMARK [1][-]{section.2.3}{\376\377\000P\000r\000o\000g\000r\000a\000m\000m\000i\000n\000g\000\040\000E\000n\000v\000i\000r\000o\000n\000m\000e\000n\000t\000s}{chapter.2}% 18
\BOOKMARK [2][-]{subsection.2.3.1}{\376\377\000S\000i\000n\000g\000l\000e\000\040\000D\000r\000o\000n\000e\000\040\000P\000r\000o\000g\000r\000a\000m\000m\000i\000n\000g}{section.2.3}% 19
\BOOKMARK [2][-]{subsection.2.3.2}{\376\377\000S\000w\000a\000r\000m\000\040\000P\000r\000o\000g\000r\000a\000m\000m\000i\000n\000g}{section.2.3}% 20
\BOOKMARK [0][-]{chapter.3}{\376\377\000T\000o\000o\000l\000s}{}% 21
\BOOKMARK [1][-]{section.3.1}{\376\377\000E\000c\000o\000s\000y\000s\000t\000e\000m\000\040\000O\000v\000e\000r\000v\000i\000e\000w}{chapter.3}% 22
\BOOKMARK [1][-]{section.3.2}{\376\377\000H\000a\000r\000d\000w\000a\000r\000e}{chapter.3}% 23
\BOOKMARK [2][-]{subsection.3.2.1}{\376\377\000T\000h\000e\000\040\000Q\000u\000a\000d\000c\000o\000p\000t\000e\000r}{section.3.2}% 24
\BOOKMARK [2][-]{subsection.3.2.2}{\376\377\000E\000x\000p\000a\000n\000s\000i\000o\000n\000\040\000D\000e\000c\000k\000s}{section.3.2}% 25
\BOOKMARK [2][-]{subsection.3.2.3}{\376\377\000C\000r\000a\000z\000y\000r\000a\000d\000i\000o\000\040\000P\000A}{section.3.2}% 26
\BOOKMARK [2][-]{subsection.3.2.4}{\376\377\000L\000i\000g\000h\000t\000h\000o\000u\000s\000e\000\040\000P\000o\000s\000i\000t\000i\000o\000n\000i\000n\000g\000\040\000S\000y\000s\000t\000e\000m\000\040\000H\000a\000r\000d\000w\000a\000r\000e}{section.3.2}% 27
\BOOKMARK [1][-]{section.3.3}{\376\377\000S\000o\000f\000t\000w\000a\000r\000e\000\040\000L\000i\000b\000r\000a\000r\000i\000e\000s}{chapter.3}% 28
\BOOKMARK [2][-]{subsection.3.3.1}{\376\377\000c\000r\000a\000z\000y\000f\000l\000i\000e\000-\000l\000i\000b\000-\000p\000y\000t\000h\000o\000n}{section.3.3}% 29
\BOOKMARK [2][-]{subsection.3.3.2}{\376\377\000c\000r\000a\000z\000y\000f\000l\000i\000e\000-\000f\000i\000r\000m\000w\000a\000r\000e}{section.3.3}% 30
\BOOKMARK [1][-]{section.3.4}{\376\377\000P\000o\000s\000i\000t\000i\000o\000n\000i\000n\000g\000\040\000S\000y\000s\000t\000e\000m\000s}{chapter.3}% 31
\BOOKMARK [2][-]{subsection.3.4.1}{\376\377\000R\000e\000l\000a\000t\000i\000v\000e\000\040\000P\000o\000s\000i\000t\000i\000o\000n\000i\000n\000g\000\040\000S\000y\000s\000t\000e\000m\000s}{section.3.4}% 32
\BOOKMARK [2][-]{subsection.3.4.2}{\376\377\000A\000b\000s\000o\000l\000u\000t\000e\000\040\000P\000o\000s\000i\000t\000i\000o\000n\000i\000n\000g\000\040\000S\000y\000s\000t\000e\000m\000s}{section.3.4}% 33
\BOOKMARK [1][-]{section.3.5}{\376\377\000S\000t\000a\000t\000e\000\040\000E\000s\000t\000i\000m\000a\000t\000e\000\040\000a\000n\000d\000\040\000C\000o\000n\000t\000r\000o\000l}{chapter.3}% 34
\BOOKMARK [1][-]{section.3.6}{\376\377\000F\000l\000i\000g\000h\000t\000\040\000C\000o\000n\000t\000r\000o\000l}{chapter.3}% 35
\BOOKMARK [0][-]{chapter.4}{\376\377\000C\000o\000m\000m\000u\000n\000i\000c\000a\000t\000i\000o\000n\000\040\000F\000r\000a\000m\000e\000w\000o\000r\000k}{}% 36
\BOOKMARK [1][-]{section.4.1}{\376\377\000T\000h\000e\000\040\000C\000o\000m\000m\000u\000n\000i\000c\000a\000t\000i\000o\000n\000\040\000I\000n\000f\000r\000a\000s\000t\000r\000u\000c\000t\000u\000r\000e}{chapter.4}% 37
\BOOKMARK [1][-]{section.4.2}{\376\377\000T\000h\000e\000\040\000D\000e\000s\000i\000g\000n\000\040\000o\000f\000\040\000t\000h\000e\000\040\000C\000o\000m\000m\000u\000n\000i\000c\000a\000t\000i\000o\000n\000\040\000F\000r\000a\000m\000e\000w\000o\000r\000k}{chapter.4}% 38
\BOOKMARK [2][-]{subsection.4.2.1}{\376\377\000T\000h\000e\000\040\000L\000o\000g\000g\000i\000n\000g\000\040\000M\000a\000n\000a\000g\000e\000r}{section.4.2}% 39
\BOOKMARK [2][-]{subsection.4.2.2}{\376\377\000T\000h\000e\000\040\000P\000a\000r\000a\000m\000e\000t\000e\000r\000s\000\040\000M\000a\000n\000a\000g\000e\000r}{section.4.2}% 40
\BOOKMARK [0][-]{chapter.5}{\376\377\000C\000o\000o\000r\000d\000i\000n\000a\000t\000i\000o\000n\000\040\000F\000r\000a\000m\000e\000w\000o\000r\000k}{}% 41
\BOOKMARK [1][-]{section.5.1}{\376\377\000T\000h\000e\000\040\000R\000o\000l\000e\000\040\000o\000f\000\040\000t\000h\000e\000\040\000C\000o\000o\000r\000d\000i\000n\000a\000t\000i\000o\000n\000\040\000F\000r\000a\000m\000e\000w\000o\000r\000k}{chapter.5}% 42
\BOOKMARK [1][-]{section.5.2}{\376\377\000S\000t\000r\000u\000c\000t\000u\000r\000e\000\040\000a\000n\000d\000\040\000D\000e\000s\000i\000g\000n\000\040\000P\000r\000i\000n\000c\000i\000p\000l\000e\000s}{chapter.5}% 43
\BOOKMARK [2][-]{subsection.5.2.1}{\376\377\000T\000h\000e\000\040\000O\000b\000s\000e\000r\000v\000a\000b\000l\000e}{section.5.2}% 44
\BOOKMARK [2][-]{subsection.5.2.2}{\376\377\000T\000h\000e\000\040\000C\000o\000o\000r\000d\000i\000n\000a\000t\000i\000o\000n\000\040\000M\000a\000n\000a\000g\000e\000r}{section.5.2}% 45
\BOOKMARK [0][-]{chapter.6}{\376\377\000E\000x\000t\000e\000n\000d\000e\000d\000\040\000C\000r\000a\000z\000y\000f\000l\000i\000e}{}% 46
\BOOKMARK [1][-]{section.6.1}{\376\377\000T\000h\000e\000\040\000S\000t\000r\000u\000c\000t\000u\000r\000e\000\040\000a\000n\000d\000\040\000D\000e\000s\000i\000g\000n\000\040\000P\000r\000i\000n\000c\000i\000p\000l\000e\000s\000\040\000o\000f\000\040\000E\000x\000t\000e\000d\000e\000d\000\040\000C\000r\000a\000z\000y\000f\000l\000i\000e}{chapter.6}% 47
\BOOKMARK [2][-]{subsection.6.1.1}{\376\377\000E\000x\000t\000e\000n\000d\000e\000d\000\040\000C\000r\000a\000z\000y\000f\000l\000i\000e\000\040\000M\000o\000d\000u\000l\000e\000s}{section.6.1}% 48
\BOOKMARK [2][-]{subsection.6.1.2}{\376\377\000U\000s\000e\000\040\000C\000a\000s\000e\000\040\000S\000c\000e\000n\000a\000r\000i\000o\000'\000s\000\040\000S\000o\000l\000u\000t\000i\000o\000n}{section.6.1}% 49
\BOOKMARK [0][-]{chapter.7}{\376\377\000E\000C\000F\000\040\000M\000o\000d\000u\000l\000e\000s}{}% 50
\BOOKMARK [1][-]{section.7.1}{\376\377\000S\000t\000a\000t\000e\000\040\000E\000s\000t\000i\000m\000a\000t\000e\000\040\000M\000o\000d\000u\000l\000e}{chapter.7}% 51
\BOOKMARK [1][-]{section.7.2}{\376\377\000B\000a\000t\000t\000e\000r\000y\000\040\000M\000o\000d\000u\000l\000e\000\040\000M\000o\000d\000u\000l\000e}{chapter.7}% 52
\BOOKMARK [1][-]{section.7.3}{\376\377\000M\000u\000l\000t\000i\000r\000a\000n\000g\000e\000r\000\040\000M\000o\000d\000u\000l\000e}{chapter.7}% 53
\BOOKMARK [1][-]{section.7.4}{\376\377\000Z\000\040\000r\000a\000n\000g\000e\000r\000\040\000M\000o\000d\000u\000l\000e}{chapter.7}% 54
\BOOKMARK [1][-]{section.7.5}{\376\377\000L\000i\000g\000h\000t\000h\000o\000u\000s\000e\000\040\000M\000o\000d\000u\000l\000e}{chapter.7}% 55
\BOOKMARK [1][-]{section.7.6}{\376\377\000A\000I\000\040\000d\000e\000c\000k\000\040\000M\000o\000d\000u\000l\000e}{chapter.7}% 56
\BOOKMARK [0][-]{chapter.8}{\376\377\000C\000o\000n\000c\000l\000u\000s\000i\000o\000n\000s\000\040\000a\000n\000d\000\040\000f\000u\000t\000u\000r\000e\000\040\000d\000e\000v\000e\000l\000o\000p\000m\000e\000n\000t\000s}{}% 57
\BOOKMARK [0][-]{chapter*.34}{\376\377\000B\000i\000b\000l\000i\000o\000g\000r\000a\000p\000h\000y}{}% 58
\BOOKMARK [0][-]{chapter*.36}{\376\377\000L\000i\000s\000t\000\040\000o\000f\000\040\000F\000i\000g\000u\000r\000e\000s}{}% 59
\BOOKMARK [0][-]{chapter*.38}{\376\377\000L\000i\000s\000t\000\040\000o\000f\000\040\000T\000a\000b\000l\000e\000s}{}% 60
\BOOKMARK [0][-]{chapter*.40}{\376\377\000A\000c\000k\000n\000o\000w\000l\000e\000d\000g\000e\000m\000e\000n\000t\000s}{}% 61
